<?xml version="1.0" encoding="UTF-8"?>
<!-- Generated by org.testng.reporters.JUnitReportReporter -->
<testsuite name="SearchItems.DropDownMenuSearch" tests="1" time="28.561" ignored="0" failures="0" timestamp="14 Jul 2017 19:55:10 GMT" skipped="0" hostname="Samis-MBP.fios-router.home" errors="0">
  <testcase name="dropDownMenu" time="28.561" classname="SearchItems.DropDownMenuSearch"/>
</testsuite> <!-- SearchItems.DropDownMenuSearch -->
