<?xml version="1.0" encoding="UTF-8"?>
<!-- Generated by org.testng.reporters.JUnitReportReporter -->
<testsuite name="SearchItems.SearchItemsByExcel" tests="1" time="37.930" ignored="0" failures="0" timestamp="14 Jul 2017 19:55:10 GMT" skipped="0" hostname="Samis-MBP.fios-router.home" errors="0">
  <testcase name="search" time="37.930" classname="SearchItems.SearchItemsByExcel"/>
</testsuite> <!-- SearchItems.SearchItemsByExcel -->
