<?xml version="1.0" encoding="UTF-8"?>
<!-- Generated by org.testng.reporters.JUnitReportReporter -->
<testsuite name="SearchItems.SearchItemsByDataProvider" tests="3" time="56.854" ignored="0" failures="0" timestamp="14 Jul 2017 19:55:10 GMT" skipped="0" hostname="Samis-MBP.fios-router.home" errors="0">
  <testcase name="searchUsingDataProvider" time="18.308" classname="SearchItems.SearchItemsByDataProvider"/>
  <testcase name="searchUsingDataProvider" time="23.703" classname="SearchItems.SearchItemsByDataProvider"/>
  <testcase name="searchUsingDataProvider" time="14.843" classname="SearchItems.SearchItemsByDataProvider"/>
</testsuite> <!-- SearchItems.SearchItemsByDataProvider -->
